assets\plugindata\
index.html
assets\
accclosed.svg
accopen.svg
bullet.svg
bullet1.svg
bullet2.svg
bullet3.svg
bullet4.svg
bullet5.svg
close.svg
common.js
dash.png
fade.svg
grid.png
home.svg
iconexe.svg
iconfile.svg
iconmovie.svg
iconpdf.svg
iconsound.svg
icontext.svg
iconzip.svg
jquery.js
menu.svg
moredown.svg
moreright.svg
navigation.js
next.svg
nextpage.svg
opensans.woff
opensansitalic.woff
opensanslight.woff
opensanslightitalic.woff
opensanssemibold.woff
opensanssemibolditalic.woff
prev.svg
prevpage.svg
sc.css
sd.css
search.svg
select.svg
sf.css
tabdown.svg
tabright.svg
tallinnslider.js
w2dcpcls.php
wait.svg
datenschutzformular\
index.php
downloads\
index.html
haftungsausschluss\
index.html
images\
dagmar_haerle.jpg
dagmar_haerle_640.jpg
plg.jpg
w2dsci013231a5625c4115211cda58f0fd84fc.gif
w2dsci0262f2c3aeda6e7195d2d17909d79958.gif
w2dsci0667c09025d5e0aa5546e74bbad61ff9.gif
w2dsci0a4cea07258164baacba7c75dbe595f9.gif
w2dsci0aaf984428da30099955ca0ec8fda6fd.gif
w2dsci0c86edd615a5cfbaa7145dd4824d4652.gif
w2dsci0e98d729692857bcf6d21060ac63c08c.gif
w2dsci11726c5d552bdcfc4b9f7cbcf86ae95c.gif
w2dsci143427b9ca44f8bc736e94818a6e290c.gif
w2dsci14a1671b04f0e3e680fbefa10fc1e365.gif
w2dsci1969b10e1ec2d2245ee190b7d65e5f03.gif
w2dsci205543bc0706bfc069aa0c201fef87d6.gif
w2dsci238e85c8278adb98beed4c4e4a795cc1.gif
w2dsci251e6e59251c435c9f38c23e04f10501.gif
w2dsci27e771ff939ecdf4ccb7dee6444d86fc.gif
w2dsci288a523a7636feedde3997cdfc044535.gif
w2dsci2af222586205f22c7ba120ef92ab3c95.gif
w2dsci3310f3d2e418e4afa1226fb35d6cfd81.gif
w2dsci34335deadbd1256cf5080e212c3416c7.gif
w2dsci35b24c14c2735b25d10e75eebd8d51a1.gif
w2dsci367f8e5b891134cdd65be27ca657706b.gif
w2dsci3ac95f260bedad3e118c7c3505aad92b.gif
w2dsci3c28e9a1ee336039bf801a9e2df8c57b.gif
w2dsci3f5a9cd03431760b183204ddc29f4e40.gif
w2dsci40755922adda9479f920c21960058d9e.gif
w2dsci408aa214d832eaeef06740772de8acce.gif
w2dsci43ec47b60f25c32d2d0f7008ecf60986.gif
w2dsci44880cbf9cda1dcff537443db617fb5a.gif
w2dsci45c76082fa40226a4c66ae07d1abc7af.gif
w2dsci46682f88bb82d43deef3d9f4ef7d021a.gif
w2dsci4c34f4d8641a007f38bab346a866c096.gif
w2dsci4c56f701da1b288b21a6b70e9825a069.gif
w2dsci4ee4f0db1b4034d849093efc89f2bbd2.gif
w2dsci53a8245f7f17693df6a621a52cfe7aad.gif
w2dsci5599abd91215787de5f674fd6f053287.gif
w2dsci56e05fc78b1a34e6bf73f299c3eb7b8d.gif
w2dsci585e86ac13c16262fdadfbb06c1cdd81.gif
w2dsci5a2a5f9207ecea7d724e1d7748de7b37.gif
w2dsci5cb38c717ed6d013754b1e1fe1ac29a3.gif
w2dsci612a67e50997f49fce9d47c47456c2d4.gif
w2dsci66b71eb0eafc1e23763ab616d3c9a642.gif
w2dsci6ae5e9ee940718e8a4756633caef3fdc.gif
w2dsci6c8e92db1f0dc5c311120d7c98e37695.gif
w2dsci6f69a757d06b8abf68e1182983194118.gif
w2dsci7109e1135989493c78e51791736bda6b.gif
w2dsci742e415c7a654ae12a5fefab0678dd22.gif
w2dsci7597385772c9806085e98b58456d2634.gif
w2dsci7f69d65d23e3769ce88e2b37d1f508d2.gif
w2dsci8091d77930470b7b8192cac19793611b.gif
w2dsci850e6df1ab48bc116396aad2641b4e1e.gif
w2dsci8df3e19af67eecbdf39e19a8d27fe886.gif
w2dsci8f17d523a0fd8c885e5c3ee00fe306ee.gif
w2dsci8f2616ee78211cd4fda2fc5044ebb4c2.gif
w2dsci90c5605d6a3c162877da6f55243fbe01.gif
w2dsci92589dcb906cfed145d6819cd0a3a773.gif
w2dsci9588d03243e6d6f1fe3b8bd05fd66a9c.gif
w2dsci9bc93ee004b95f93a18f5a2c541f0f3c.gif
w2dsci9d79b3adf0db95bdd21c8d9f6523018f.gif
w2dsci9d847c813114a3626cceaf48d256b6a8.gif
w2dsci9ef41feafee074dba49bed25b58c7734.gif
w2dscia0e357b34ca65e180613f08780bb3652.gif
w2dscia4258cf1ccbd63a623b88c93840a3983.gif
w2dscia4450933dea80a92d46e9981f364dd2d.gif
w2dscia596059ce574adf887f62ca67d8a138d.gif
w2dscia7cf530fdfbccd32bb9749e51dfcdf64.gif
w2dscia9f784d9662e2006d69a0d7eb046ffb1.gif
w2dsciac7aa99ed275ac9ddb72e7fc500ff6cf.gif
w2dsciad97e884ba1dad46c8b667d362bc67eb.gif
w2dsciae38b59d7f218810c6472e061e6c18a9.gif
w2dscib1bb07dd951851e78ad9e9349c84f40d.gif
w2dscib1d5c1c7f459dfdc46ed3caec9dc1a92.gif
w2dscib3dffa3020279e1131b2b43337292baf.gif
w2dscib637da09cd91480a5ea0ac13b782ffda.gif
w2dscib81164d85fdfe811b5ed3be2de32822a.gif
w2dscib860a0e52f53c4aabd1ab55c648ce202.gif
w2dscib93b6252d01670e93fb137e205a31422.gif
w2dsciba9ec693e3c6371e0a0a365d23a8f41a.gif
w2dscic222cda0ea400eb6e88b0ae9575682c8.gif
w2dscic22dd4301a93678049d2a5216b23b0ba.gif
w2dscic37103a25e15d19c089f0ce7786ac112.gif
w2dscicc150488fda660e05169810bd59af78c.gif
w2dscicccca141411c20275fafceaf2636919c.gif
w2dscid11c177a03594c4f19c9502f2463f732.gif
w2dscid156b13211819c4bd7cd73ba17ab4d89.gif
w2dscid425eea4d14be2dd8e79cc18a6976739.gif
w2dscida14da0fcf5a09619b87c476cad5bed8.gif
w2dscida69b44a3c6a4bf1dd35bbdb43b815f6.gif
w2dscidc09f802f295e426e09cf60ccfd28572.gif
w2dscidfae2fb8053930d486d4eb038c0c8c68.gif
w2dscie5cfdd6ab9c6b794bdb9304179112895.gif
w2dscie7b770773dea79f4c5fe355db61c5784.gif
w2dscie8c694c6c8d5a1af8e27ddcbb99bdb4c.gif
w2dsciea09aedd947a7085b65b39fb1f819f4d.gif
w2dscif27cfb3a6c80206a068e7225aaf334e0.gif
w2dscif41dd047523e7abefad14152a897a4d4.gif
w2dscif4f2fbd75cc19b4b0f6c634a3da53de9.gif
w2dscif4f6a4278e742012bc9e5b9e29411e06.gif
w2dscif95826a01c1ac7f7a8b496a1b5b8151b.gif
w2dscifb6a12527597c44965670eab7d55eeba.gif
w2dscifc476507bc1c561872ca0e4f3f667235.gif
kontakt\
index.html
kunstvermittlung\
index.html
\
cookies.html
datenschutz.html
haftungsausschuss.html
impressum.html
index.html
robots.txt
w2dacl.php
w2dcpchk.php
w2dcpimg.php
w2dfgw.php
