aktuelle-kuenstler\
index.html
assets\plugindata\
index.html
assets\
accclosed.svg
accopen.svg
bullet.svg
bullet1.svg
bullet2.svg
bullet3.svg
bullet4.svg
bullet5.svg
close.svg
common.js
dash.png
fade.svg
grid.png
home.svg
iconexe.svg
iconfile.svg
iconmovie.svg
iconpdf.svg
iconsound.svg
icontext.svg
iconzip.svg
jquery.js
menu.svg
moredown.svg
moreright.svg
navigation.js
next.svg
nextpage.svg
opensans.woff
opensansitalic.woff
opensanslight.woff
opensanslightitalic.woff
opensanssemibold.woff
opensanssemibolditalic.woff
prev.svg
prevpage.svg
sc.css
sd.css
search.svg
select.svg
sf.css
tabdown.svg
tabright.svg
tallinnslider.js
w2dcpcls.php
wait.svg
ausstellungen\
index.html
backup\qrymkfgfxwuagvhuhtpseqyxwngpnsohefbenfbfnfjukwuhsscjbmwvkhcrmmpi\
133425aee20f07308.jpg
dagmar_haerle.jpg
main.mdb
s2dlogo.jpg
shop.mdb
_1044572.jpg
backup\
index.html
deutsch\
index.html
downloads\
index.html
images\
133425aee20f07308_1038.jpg
133425aee20f07308_640.jpg
dagmar_haerle.jpg
dagmar_haerle_640.jpg
s2dlogo.jpg
w2dsci0083ee16529f7afc0aa1b492f5f3b59d.gif
w2dsci016e11f9f0d9bd4fdcb27f99eaad911b.gif
w2dsci020de6b3961ae6992064bfcc31a682ca.gif
w2dsci08ce212b8fcefc5726624c5992591b7d.gif
w2dsci0ac2e6c9046796c4dc65a59f27681e3a.gif
w2dsci0ed3a3ceb1d1107e661e21ab5e4e4041.gif
w2dsci10c48b6787efa13bc67673d5fe0c0f13.gif
w2dsci11963e14663419aa2ab4e382e6cdef3b.gif
w2dsci11b582ce570f4c94da2856fe42483469.gif
w2dsci11c8e495a2e074821b26f90588dbb899.gif
w2dsci14268f2d7770722f07f857904f1e9d7f.gif
w2dsci17f4fa58978b7ecb4628cb591ad54104.gif
w2dsci1847de2eeecd6df3e02620f0d13da57a.gif
w2dsci1b983daa7f0da902db5b329d273d9750.gif
w2dsci1d5178ae4de9b4152a658712da74f71a.gif
w2dsci1e36da4f362e29bb64fbd3093cc57cc2.gif
w2dsci226fabfd2e861cafbc06e9948d3055ab.gif
w2dsci26147266b6b68916a9d3dc09d1d514f4.gif
w2dsci27ebd31fffed9875a556106a19fb84cd.gif
w2dsci2a6fa07d0a889bb1ab14a5d3acdb6f0f.gif
w2dsci2b93e9648a2b64c8d3f690667830fcd8.gif
w2dsci2c6357b457baeb6e44dc022ce5ebdcdc.gif
w2dsci3504509feceb5fc559203e74bd2d1261.gif
w2dsci3883c63db458850fd9da2507e17320ec.gif
w2dsci3aafca59f087038be562be67480d3db2.gif
w2dsci3c39a13bed06424c464d2cb3d73c6daf.gif
w2dsci40ee860337517cda3c56f9e63c2eb866.gif
w2dsci44ded94eda1ec9dc0f62182049d5f7ff.gif
w2dsci4cdbb069207b2c681734feb8ed3456e1.gif
w2dsci4eca4ba9c43bafc3342080643f8a08c3.gif
w2dsci4f307e7e68171496d6c873a4a5127cd1.gif
w2dsci5252e7376f7a3d7bfb5f4e46e5ae3c63.gif
w2dsci554c2e4d9ab104f1002289ee35aeb1fe.gif
w2dsci5639e8b76de9d9c2999c7ad1cec11e41.gif
w2dsci5cee353f78a4fc9c51766bb301e3f933.gif
w2dsci5da9796de75f5d5cb8ece3914834fc60.gif
w2dsci627e89af53604a33f107296f674086b0.gif
w2dsci6333dc581810f9b571b8f25a1812d77d.gif
w2dsci6450134470b99820a823485a56e58e4b.gif
w2dsci670bbaeaaeae605b5e937239ee64adae.gif
w2dsci6862df9b97b3d1dac2b22ce691bd1f34.gif
w2dsci691a3d70162e4984f405354d7cb37894.gif
w2dsci6a0c9fc70f3c883c9a3cb0d61a88067c.gif
w2dsci6ac0a0f0c5bcb9df3971f58aac04eb1c.gif
w2dsci6d52c20aed99971d8e12acdbc856f68c.gif
w2dsci709f8e7b3651014c83ec4ef29db86484.gif
w2dsci7443fc4c496eb7c7943395d5c4fec618.gif
w2dsci75210e6e3b36031abfe3d605f82aa19e.gif
w2dsci757296728dad58d5be46cd4e52806d85.gif
w2dsci774ec1f9b5fe1fbf9ac5562cc7a25686.gif
w2dsci7b8acecb90f82287989f62a03cbe8d28.gif
w2dsci7c16e7addcb4347fbfd270c68658539d.gif
w2dsci7c4b817cdd2414c5e1acfb97db674e65.gif
w2dsci7d33f436a9b9c61c4907a51fc53dfce8.gif
w2dsci7dbe2f93fefed3f9cd8f007f8eb43fa8.gif
w2dsci8005984177bcf64b592c72dea0189baf.gif
w2dsci81a049943503935adcafd35ea14cbab6.gif
w2dsci85182db42e15cff9a8c94e085f008083.gif
w2dsci86c49dda1bcc48db891b1ae7f9228c80.gif
w2dsci896e7cecd5a3d443f229eae4d67142b2.gif
w2dsci8ad923db1db87d97ddc47feb11804e4f.gif
w2dsci8b2c1cdcf7aacc23a2156907982cf871.gif
w2dsci8bdcdfb0a633b67b4dd980a05832e751.gif
w2dsci8e68b4163c756edd0a0ce369b07030f3.gif
w2dsci8fe9e7504f2d933d100cc32f696d8824.gif
w2dsci9ac3f8e44e762949a66dd4d378dd602e.gif
w2dsci9c65d11585166cec3552271bb630ab24.gif
w2dsci9d03491d74dbc42d389b7a8322cb3192.gif
w2dscia7339f487685f92ec3fac6aeec7b2659.gif
w2dscia878c5c75c01a75fd253b8f1d0187602.gif
w2dsciafcbc912f1cc49e8e36df816dc34a892.gif
w2dscib104f872ca73979aa633e2a765e8cc3e.gif
w2dscib2bd7e0f5100d6b945f9aff444e49613.gif
w2dscib6aeb600c8704a9485bca075fa7334a9.gif
w2dscibc974442ad2f1d197dc761c3d479c8ba.gif
w2dscibd649d6a90446be1ade1b898488400cc.gif
w2dscic32f9d21c3706972afce5ec9b4e5b789.gif
w2dscic51e8ff75033a589dde56c4f2c7fd8b5.gif
w2dscic51f2daa64f07aa56540709213dc9b04.gif
w2dscic6114c25028d90db018daed92e59886a.gif
w2dscicaeae3173a31e2a0763ed7d64bfdc028.gif
w2dscicf4805d8791e7fefa612c04bf5d34ee2.gif
w2dscicf7e1e9d15b09ccbcc08abd01e57d019.gif
w2dscid19f1124e2feddb707def4c730a2447c.gif
w2dscid80d8f8a40eaa0b77af410867b501493.gif
w2dscid8bd2fd6d5acf3bd93db7aff533d367d.gif
w2dscid9b3726ad3fffbda3bcecb937dd9c219.gif
w2dsciddf8bccd51970ffaef511457957ef466.gif
w2dscie16d4f75811a5342f5a56709483a77d5.gif
w2dscie1bfa770851fa3f7e0d5cf5cae9331a2.gif
w2dscie214045e54abedf1efac7adf93b7eae9.gif
w2dscie29ae61a2ced47c72758a6a40ba62f64.gif
w2dscie75f33f6e5c1ec80ecd09a9f3c57d832.gif
w2dscie836614a0b95c788cd016440c0c76812.gif
w2dscieac38ee5a76848357a3ca89d5d696ac2.gif
w2dsciebeb2de0afa9f57835ee1d598f7ea59c.gif
w2dscif0b27db2c39ad4dd73af8230315f615b.gif
w2dscif1a0669e9f00fc127984730922531ae2.gif
w2dscif6a46a5d953a14482ba4a2965fe34e47.gif
w2dscif9964b526fb9a53bfcf6b90dc74b80d0.gif
kontakt-und-impressum\
index.html
kunst-als-kapitalanlage\
index.html
netzwerk\
index.html
plaintext\aktuelle-kuenstler\
index.html
plaintext\assets\plugindata\
index.html
plaintext\assets\
jq.js
s.css
w2dcpcls.php
plaintext\ausstellungen\
index.html
plaintext\deutsch\
index.html
plaintext\downloads\
index.html
plaintext\images\
w2dsci0291371de35baf465403119697782c39.gif
w2dsci03666d1135e613907fdf5c02596e77d1.gif
w2dsci04949aca04f91efac378cf91625bd24b.gif
w2dsci0631e11516475f7fc4b997bef1db3b7f.gif
w2dsci07a0d5cd62dd2045e1e28969e129916c.gif
w2dsci087b29179d15c52209c1acc2f92e4f7f.gif
w2dsci0b36c05e119882b299cb6c9d62fe65b2.gif
w2dsci0cbd1d723d65e008d1bf22d5117983c5.gif
w2dsci0fb581b826d1c4b49e87e0a5d9133463.gif
w2dsci130c6a753b94200b4b7a2771ec380804.gif
w2dsci15ca9787290c77e206439d496154a382.gif
w2dsci19c1e6adce639257e7e2093613ad1113.gif
w2dsci1a1ec62dcec47e8741d854ea92a5c3ea.gif
w2dsci1a8a393d320dd33ee47fd62646fc21a6.gif
w2dsci1e2830cee5939e5562da0634042e7f89.gif
w2dsci249f340d2667bf7379289999a73a00d3.gif
w2dsci25fa4564ccb18f331ba66ca26d9deae8.gif
w2dsci295388ca57ed7e4ee26ab209b5c3bb06.gif
w2dsci2adcb08baf216856177bad046a8e9ceb.gif
w2dsci2dcb6791b590325f3d750cdc5cb7e505.gif
w2dsci32486a2bc041b01608d6a2936370bb4a.gif
w2dsci393fcb8e49f85fa8fa9f9e59e50748e6.gif
w2dsci3ab452f284e623bdbf2565b69c9c723b.gif
w2dsci3b6e8b424dfddd91f94a781e2f84b718.gif
w2dsci418112857b342c2305df5d237ce6a8d6.gif
w2dsci41e59c559b84ac0c6907ecf511f52aa6.gif
w2dsci446001329368c3879d73132bcbade143.gif
w2dsci47ea6d0a54e8db5c968f7a6066e8ff5a.gif
w2dsci4b2bf1ca35c1add689d118b404a01325.gif
w2dsci4fe0a31d1355e1bef5b4f4e9a20506d7.gif
w2dsci516253a72256f9d8a108f8c6c3219532.gif
w2dsci565714f87c77e293b0018798a16b2663.gif
w2dsci57171f33ef20efc519b7fde027f31caf.gif
w2dsci5e9b0b8e58a1528a74b821b7d9398fff.gif
w2dsci664d5953242407f0ae8fd0551ca72e97.gif
w2dsci6bb63b2cf4bdffb97f4997981c278e55.gif
w2dsci6def62a1b9c843b1e498780655e0800d.gif
w2dsci709bcb5eb858595f4aa3186b79a1fc69.gif
w2dsci74e4d4e4d7ac461cdac75e03819bf1d3.gif
w2dsci79c54841db9ce7dbc21591a75b876dda.gif
w2dsci79c9061f9c149ab942668739a9c85bf5.gif
w2dsci7a4cb5ea9d019bdb1ba99a4355d857ac.gif
w2dsci7c6ad13e59ff2e69614da382597b944b.gif
w2dsci7e3816809db9f5b6674244dc59b5b456.gif
w2dsci805119d0df2ca6fdd7ed7482a02038c1.gif
w2dsci84fb092f8f82de6997b6b1b39925b328.gif
w2dsci8866027bf125a6935c2007aac143e25b.gif
w2dsci899b475cf39003469da9bb731af59cfe.gif
w2dsci95f787753b33b19feac459cbe48d64d2.gif
w2dsci98cac909b1887cb897145412fe5f3fc8.gif
w2dsci9e568d1ec98c6764a6ef11c64c256d11.gif
w2dsci9e794f7381334100611d6291fdf7687a.gif
w2dscia1477163e87e65b1a5b69094dede20d8.gif
w2dscia57afbee371a84abd8ac641a2e87bd0f.gif
w2dscia615826f58460fddbc56b6bdba4241f2.gif
w2dscia74e89d1aca01b7d139b1e97985b946b.gif
w2dscia91f2bbdee6856cfb8e5c9bf6c502e6e.gif
w2dsciacac2540047666923b449ba90ef283f2.gif
w2dscib03534d6d482a9ada75a3855101dbf67.gif
w2dscib0a377e253c0b66ee5e5d9e70e85fc2e.gif
w2dscib0c71cc8fa539e7a800fe3bdc955d84d.gif
w2dscib3dffa3020279e1131b2b43337292baf.gif
w2dscib8efe1297206cb8076ad9830e37061c7.gif
w2dscib99f977751a53be7bc5972f4ee335929.gif
w2dsciba5b925c0653db780f3af60ab47f56a1.gif
w2dscibf1372747248d694bbd096fb6049ff60.gif
w2dscic5727bb38dbce9ec30624661978f0ab6.gif
w2dscic7a99c2ada79674aa6621d1e8da63172.gif
w2dscic8ce0ab75ff47a8eee0ea80633014c78.gif
w2dscic90f3d48b023f90a6acd0641630fe3d9.gif
w2dscicd50445b4a131b7dc964a70906f2196d.gif
w2dscid03de48eccaff74743df751cdcc7dab0.gif
w2dscid2f957088487d16de767b7e05b19979f.gif
w2dscid54601865280c1c9f04da948f2a94984.gif
w2dscid65e763eae15bcf7d0cbf0458388e3b6.gif
w2dscid725f550e809c1941687e27c34f2244b.gif
w2dscid7ce689f2e954794af5ce54e6f2797ae.gif
w2dscid821608ed82b370862123106b407137d.gif
w2dscid9b44152083cb2a49f3c5f67508fb577.gif
w2dscide622641945e624aa5856537d420f714.gif
w2dscie0ef28cc6dad130d3d362f9fe0ed6980.gif
w2dscie4702ba0a1a3ebf481b7cd38325b7405.gif
w2dscie49e0f79d7d3d21184def9f09fc41284.gif
w2dscie5395b1a502ba5efa8b921bcaf201275.gif
w2dscie734de1f85f0a9d5349541be8a5877cb.gif
w2dscie830593d30e63b7fb5d0208e0cda2608.gif
w2dscieb50689a845cd8398e6c2c5fa4922618.gif
w2dscieb9d3c78ddf13ef76b86a7685c80baa0.gif
w2dsciece7322bae6372a67308fa23f1dec29a.gif
w2dsciedff0507ab98e6c126f084fbe953ac57.gif
w2dscieeb1cdd947b9dd0f16ed6002fb09c9f6.gif
w2dscif27722cf03ec62e4857491eb35b582b0.gif
w2dscif3301d23f6aff284c30bce1f0e82a35c.gif
w2dscif74df59ab0a5d3e016fbf955c7eb6df2.gif
w2dscif7ee83133c07875c163f0dbedf9b2824.gif
w2dscifac2d0ea7866a46c931961409142dd98.gif
w2dscifca96b3354c0e9f1bf709e5ee8a9391c.gif
w2dscifd556a54df8ba3042bf10af029adc8d0.gif
w2dscife85f67b9522d120309e0a88b1790c96.gif
w2dsciff59028edb6744a8ffa20356c8d1fda8.gif
plaintext\kontakt-und-impressum\
index.html
plaintext\kunst-als-kapitalanlage\
index.html
plaintext\netzwerk\
index.html
plaintext\ueber-uns\
index.html
plaintext\unsere-leistung\
index.html
plaintext\
cookies.html
datenschutz.html
datenschutzformular.php
haftungsausschluss.html
impressum.html
index.html
vielen-dank.html
w2dacl.php
w2dcpchk.php
w2dcpimg.php
w2dfgw.php
ueber-uns\
index.html
unsere-leistung\
index.html
\
cookies.html
datenschutz.html
datenschutzformular.php
haftungsausschluss.html
impressum.html
index.html
robots.txt
sitemap.xml
vielen-dank.html
w2dacl.php
w2dcpchk.php
w2dcpimg.php
w2dfgw.php
