-englisch-\
index.html
aktuelle-kuenstler\
index.html
assets\plugindata\
index.html
assets\
accclosed.svg
accopen.svg
bullet.svg
bullet1.svg
bullet2.svg
bullet3.svg
bullet4.svg
bullet5.svg
close.svg
common.js
dash.png
fade.svg
grid.png
home.svg
iconexe.svg
iconfile.svg
iconmovie.svg
iconpdf.svg
iconsound.svg
icontext.svg
iconzip.svg
jquery.js
menu.svg
moredown.svg
moreright.svg
navigation.js
next.svg
nextpage.svg
opensans.woff
opensansitalic.woff
opensanslight.woff
opensanslightitalic.woff
opensanssemibold.woff
opensanssemibolditalic.woff
prev.svg
prevpage.svg
sc.css
sd.css
search.svg
select.svg
sf.css
tabdown.svg
tabright.svg
tallinnslider.js
w2dcpcls.php
wait.svg
ausstellungen\
index.html
backup\qrymkfgfxwuagvhuhtpseqyxwngpnsohefbenfbfnfjukwuhsscjbmwvkhcrmmpi\
133425aee20f07308.jpg
dagmar_haerle.jpg
main.mdb
s2dlogo.jpg
shop.mdb
_1044572.jpg
backup\
index.html
downloads\
index.html
images\
133425aee20f07308_1038.jpg
133425aee20f07308_640.jpg
dagmar_haerle.jpg
dagmar_haerle_640.jpg
s2dlogo.jpg
w2dsci002df981e83b0d99be5805e281d590cd.gif
w2dsci035cd51219f09d1708881ea615ee55d7.gif
w2dsci03b8c4fc981c5e4aa47c09a1e0aa333a.gif
w2dsci04d87c8d3f1cccb768445fd741183f4d.gif
w2dsci088cc3b0fd1c697e433c78246f51c4a2.gif
w2dsci0bf9dd128b24fac9b512557137906f69.gif
w2dsci104af5227381c05e415a4893a832ec14.gif
w2dsci10a08bd1b5eb8622ec94a3209e2c518f.gif
w2dsci12524c0cb39688666ce9fdb6ae7a2eac.gif
w2dsci16cedea71da56b334aef4991e00218c5.gif
w2dsci171a453d7850bf5f003f34adc06852f8.gif
w2dsci195c172d5510e900327c61abd03f122c.gif
w2dsci1a750f9ed0940c69a96f3fe99618ff29.gif
w2dsci20384da2a05fa0b327b28b742f309c34.gif
w2dsci21f2401dc21a9516c406be062f0df5b0.gif
w2dsci277ed77d53bb327003dbdf77d74f676c.gif
w2dsci298109395f1473e7aac8647741507273.gif
w2dsci2fb5c17b0a58a6de667c7b9ee085cc99.gif
w2dsci310225c3747ab2ba204707dd6f0e6b40.gif
w2dsci31e5de249f83f1fe28ead5a5c26c7e2a.gif
w2dsci328d435ab79295d10326ab20e1c44f83.gif
w2dsci354759340584fbc0c0704494b333173c.gif
w2dsci35d462196150b58557cf5c7d10e1b829.gif
w2dsci39dae15ef958accdf001a242c3ec8b62.gif
w2dsci3a14774c9f5015d43f79a71ebbc84f0c.gif
w2dsci3cdecff9bc6945dfc6b1f8634df0c076.gif
w2dsci4318f3fc4525a762f09b88cd4c16b2bc.gif
w2dsci46da4e49cde5e399eed8a6d1912f8061.gif
w2dsci48262d35d6139a0e190c32c7cbe98d20.gif
w2dsci4c58f5b9ec43da3546fd66122a935827.gif
w2dsci4d0f02c96a5be76ab2a683f71dc5ccd6.gif
w2dsci53b86d73b6f9fd8993c76e9ba58d07ee.gif
w2dsci53d1cc3a6ee5683c0ecd7841363fd45c.gif
w2dsci54a1224692be9ca48cf33763d6d3a245.gif
w2dsci5eba04af02827bf88e5b517abdf6de2d.gif
w2dsci6038463181784b347960120380e05ace.gif
w2dsci615050f593b74fc9898ce6b92552964f.gif
w2dsci62d2bf581c0b59d6e8e3a11b6ab8e3b2.gif
w2dsci635f33acc3dee936be8c4d014f47d934.gif
w2dsci6577d01efe273c344a90e2950704f366.gif
w2dsci6684de0e1c0e6c5a7f0c9cd8df977a05.gif
w2dsci677a9cd77456ce5ca4b5d767ad0fecd0.gif
w2dsci6876d76eaa27b6d95568b29ccd0f011a.gif
w2dsci690a28cba87e6910002e7a2aac1bbfa9.gif
w2dsci6c47afac0ed95075190103936b3b3445.gif
w2dsci6fedbf2afb43f7cff06afaba0ef20804.gif
w2dsci71fea207d994d38dd26c911a3201ffcc.gif
w2dsci78f39b1172636197dd50fe99ef804fd7.gif
w2dsci79727d2ae6f8b14ef728b4de7df45497.gif
w2dsci7b150f6fb52a0977a0c38c6b09fa2814.gif
w2dsci7b4262e332a659a12f06279f5fb748d7.gif
w2dsci80876dcb3179db1e56747af1899d459d.gif
w2dsci83d9805cf9f89df78410d3aa0cae7665.gif
w2dsci84ca9e5e59dccafaae76800f4fc923fd.gif
w2dsci89bc4a6bf73e911233948709674df27b.gif
w2dsci8c1e5aa687cfca3ed80e7d46e0e6d1c2.gif
w2dsci8c4b73fa1d5a9c4b221fa80248e9cec8.gif
w2dsci8e8fa4d8ee72a742f4d17f6ed6d24ece.gif
w2dsci901fd1e8881fdab28d9f7d5353d564b8.gif
w2dsci91dd929d3fd0762d2e9ed77f1c5c1132.gif
w2dsci93657f4e23c555258b03c632f8b744b6.gif
w2dsci93fc1af8f8ba56e3e11d49654baa7665.gif
w2dsci9408f47663791efdb1c6c38f008c0680.gif
w2dsci9991e06e56e5d9599520c19e149c4c5f.gif
w2dsci99cc61973fe6fdc08ebaa4840960127c.gif
w2dsci9b4fb958a91b045f3b5990b5e12a9ed7.gif
w2dsci9bc79127cea265777a8338e139e709f3.gif
w2dscia259d73b0fe1994dd18c12e8c1f5ed4c.gif
w2dscia2f4d767278c3649956ae508d8119ada.gif
w2dscia57a1963f45f4c813918dd1336da0d2c.gif
w2dscia5b4d2ec92743394851b47eb388b9398.gif
w2dscia868132ec52708883994d6c8d12f3f9a.gif
w2dscib1c3680540a8a1a3c4bd936834f9085a.gif
w2dscib5605135bca79470bf5d7b5312c00960.gif
w2dscib9242fcced1e8855f3e307c8cf225877.gif
w2dscibe10d09931e24723cdeb08d2065f1cfa.gif
w2dscic19d8a7a4229c1c4ea6e1fdc99e99724.gif
w2dscic2e201c7158f46810839af5eadbbffab.gif
w2dscic313e16691066a0bd0f77c8eef46584d.gif
w2dscic3358f996358484fbc58dd14c2d001c0.gif
w2dscic4056c324694de6aaf4f2e5f4c4540e3.gif
w2dscic593500e7e260f28162bd299318abaaa.gif
w2dscic7f6e47a0f3452404e70010e536095bc.gif
w2dscicaeb8cfb05aa3775f71412312e9bd28c.gif
w2dscicebd7e07077809d2b9c1da7b41626ad0.gif
w2dscicec0b621b311d2905ff1cac3c2cf0ebc.gif
w2dscid63242bf02aaaedcf08d68c970457028.gif
w2dscid69a20bca3093f6d4594750c8772c849.gif
w2dscidcd598f7df9250334c021cda2b07c254.gif
w2dscie06c9cb2c65ca1517b64b3eb7c090805.gif
w2dscie18c1f63ddee7b653fd8f99f960616bc.gif
w2dscie5d5d8a8c6e06a1abe46919c107cd72e.gif
w2dscie8535ded1f1005ee98db0a82d3dd6ddd.gif
w2dscieba6396ae806535966755aebc8cd9a01.gif
w2dsciec1589c1b7e06daf75d51fa9c4cb9b6c.gif
w2dsciee60ebba3afe747d3143f3352034ec97.gif
w2dscif36a5113d59ad7ab8c2fc1cfca139a73.gif
w2dscif4c06c16c77477852f886fb637abccc7.gif
w2dscif9a4c870fd406d187ba049a2ef834175.gif
w2dscifce4d0c2dac4196ab96216aff7ed3e92.gif
kontakt-und-impressum\
index.html
kunst-als-kapitalanlage\
index.html
netzwerk\
index.html
plaintext\-englisch-\
index.html
plaintext\aktuelle-kuenstler\
index.html
plaintext\assets\plugindata\
index.html
plaintext\assets\
jq.js
s.css
w2dcpcls.php
plaintext\ausstellungen\
index.html
plaintext\downloads\
index.html
plaintext\images\
w2dsci03b70e77e73b14926c2d30f3d5caa7a2.gif
w2dsci09bd73e2dc73c8686def7f8556a0b73c.gif
w2dsci0a5e8b3341326e0ba468893664f713ad.gif
w2dsci0a62987e4e0182e8be676420bf8fa79f.gif
w2dsci0d79c43a517ab5a1d444d6f89742d7a9.gif
w2dsci12617fe98f6bba935f14fadf6923b5ef.gif
w2dsci12b11aba3911bfa3eb0a9d60392d908c.gif
w2dsci1303c04854c2fa985bb5c730ef9b2d7f.gif
w2dsci1b4d2bfa3ca748d104194bf0e6a8358f.gif
w2dsci1b8632b3c2a22c3ddf50aa7d74845019.gif
w2dsci20112e7ea631ca2649c45861f03581be.gif
w2dsci22f4d2178c79b7f0833133a578b5fd5c.gif
w2dsci236c57021321f25058bb70a09938be5c.gif
w2dsci23967f4929988c36df6febc3db1c61d7.gif
w2dsci25deb432e81c4c65ee653d21b5bb9722.gif
w2dsci279f2d7d87c8f03931d10e59fee0c67f.gif
w2dsci28197cc536ab4e163686d0b82c617fe3.gif
w2dsci2933f9684d1969546c261561570c9ff5.gif
w2dsci2c24b599922ec97dec0523ee8324959e.gif
w2dsci2c5fde1642706ea1edd442437483ac4e.gif
w2dsci2dd37f806594e7995ebb733ed18d9a85.gif
w2dsci34a90685874a6fd28f27a7bb4ce14657.gif
w2dsci393c5bfa86019afbaf9a5319339ce775.gif
w2dsci3c1054f3091ae237b9a0a00238fe66db.gif
w2dsci401f024f68cf6fe6f08318682f5afbde.gif
w2dsci413fc16eda2b46d3f7d77454de200322.gif
w2dsci42e3209b39269416c359720d816d89c0.gif
w2dsci48e9fb8713f62598db5e5306f0259759.gif
w2dsci4a3b9be26cd5da021e39cb6ea3eaca66.gif
w2dsci4c32974f75d932f8c8b4b752a7435b9f.gif
w2dsci4e1c90ddaec3b1241469930c0b9bd074.gif
w2dsci4f082e470121f72693f79d3da55f405c.gif
w2dsci516047415ee6fc5111a1d03e959a99df.gif
w2dsci51e00cb39180e62adc93cee467a96361.gif
w2dsci524da27a88c5c51387c6147082da98ae.gif
w2dsci53700cfe1e30ff7a9550acd9a041c535.gif
w2dsci54ab9f8b3a0a4682a169dc8f50dfcaf7.gif
w2dsci568b87e9add29c829c5f9bf414826ca4.gif
w2dsci585504aca77f38a4fbfa4e12a6f5de25.gif
w2dsci58a6361c5c0676a01434169a8bf9ec37.gif
w2dsci58e6d5b29b2a366c747ff23cb2ca6e24.gif
w2dsci59f6bc6498e17c73e8bc0e2a6f376df4.gif
w2dsci5a4cf34e5686f8ebcb0517a34b66050d.gif
w2dsci5b2c7fcb6f820ba5803766ae8eff3fe9.gif
w2dsci62df4598cb03204f7e7a7b66679bfef9.gif
w2dsci6620c5991df7bf0294158f82a442fb1e.gif
w2dsci664d5953242407f0ae8fd0551ca72e97.gif
w2dsci66ec5c72f6ced2ccd6d867c1cba3624b.gif
w2dsci68bbe017bf1a0d2fc96cb8858965427b.gif
w2dsci69b36408dd4c749d6e89ed6a8e244e37.gif
w2dsci716297afdfda86c99a8d6c5cf19bc652.gif
w2dsci72322475131127bfcd0699e1a6b61118.gif
w2dsci7557f0899aaa0105862bd2d392286244.gif
w2dsci7aee377030306c81c7b16b46564a5959.gif
w2dsci801648c8e5767c732e521336be0a84ce.gif
w2dsci83712f097167d7081fc988ec817a731c.gif
w2dsci874976541a592cf9d596a04fd8f9bef9.gif
w2dsci876a5e9574899eb98644086f8c061a9f.gif
w2dsci88335507276fedebfcc6ffa0fa20131b.gif
w2dsci8d4ce32efb48979ebe54647b7ceb92ef.gif
w2dsci90a22e7772838902ef55c88fbffb2823.gif
w2dsci95b35ff0cfdd0b2e6ff9ea19faddea9c.gif
w2dsci9ea4a231b29d61ca72b9d4bbda66ee7b.gif
w2dsci9ecf17fe7c645b96637abb239dd07272.gif
w2dscia3140e641c66a8ad7581b6dc9d081e04.gif
w2dscia3a47d2477d6821439eda3d695e1a1b8.gif
w2dscia87ae72e725d563c5a8887b2d7268846.gif
w2dsciac490f4b51ca81ebe1b7cfd3b0fef8d8.gif
w2dsciadf51710dccc696d57815d8fca9f172f.gif
w2dsciae048878b8b8384af93e2e5dac88e392.gif
w2dsciae2182bab846d07a411c302fa3ffcfc5.gif
w2dsciaed3f2ca341685a0bf682543072b2f5d.gif
w2dscib142e21bcda1258373625bd34abc3ef8.gif
w2dscib4ff55031e35662946e759fbf350a176.gif
w2dscic0deefc3b6742c40310b475c586d7b66.gif
w2dscic1ee3cce15f663741182ac9a1a0c7617.gif
w2dscic709be6ba546df82a0ce84979dd553fe.gif
w2dscicb8494f76f11cdb8bd020db68b88b1fe.gif
w2dscid35f86b332a111aede5a7a0d18ada66b.gif
w2dscid50fd8bd3aa0f5dbcbb3c4f1a01cdc55.gif
w2dscid6e394395c9f857534918eabc7f8f961.gif
w2dscid72a4ee944b3de938622e0356caf79b7.gif
w2dscidb7b71cc2d623701881382aa6fede894.gif
w2dsciddc1e3166228bd28ae3bfa2724a2269c.gif
w2dscidfd317a79d48b74dee109a7ae56ab761.gif
w2dscidfdcbd01037c2ac98f09ddba89236d04.gif
w2dscie9b15e2deb5973c2562b3b8f6e8207c7.gif
w2dscie9b8877c7a2fe3bfda7d5b59448127b4.gif
w2dscieb80d2193c40b60ac696035d18eff9ad.gif
w2dsciecf6acfb386b77919c4d02bc10c53d48.gif
w2dscied1ef165b2be87ad142f85c25e276490.gif
w2dsciedd55405c749e5f14a560434555c5604.gif
w2dscieded39b0f480f33acf56458c2a48c55e.gif
w2dsciee16f7e5001c35ec2e20fda56246d811.gif
w2dscif3ceb5864b658f04a47c66244e66386d.gif
w2dscif9344b769844378bd4ac7427f3285f37.gif
w2dscif9f382de29ad9dd8916bee1e28ad6bd3.gif
w2dscifaf2f0c355cabdb8dc42beb184564be0.gif
w2dscifb0fc0597c75556ae4811bb6ca2bdce6.gif
w2dsciffd521cdef234150c04304f727b5fe1c.gif
plaintext\kontakt-und-impressum\
index.html
plaintext\kunst-als-kapitalanlage\
index.html
plaintext\netzwerk\
index.html
plaintext\ueber-uns\
index.html
plaintext\unsere-leistung\
index.html
plaintext\
cookies.html
datenschutz.html
datenschutzformular.php
haftungsausschluss.html
impressum.html
index.html
vielen-dank.html
w2dacl.php
w2dcpchk.php
w2dcpimg.php
w2dfgw.php
ueber-uns\
index.html
unsere-leistung\
index.html
\
cookies.html
datenschutz.html
datenschutzformular.php
haftungsausschluss.html
impressum.html
index.html
robots.txt
sitemap.xml
vielen-dank.html
w2dacl.php
w2dcpchk.php
w2dcpimg.php
w2dfgw.php
