aktuelle-kuenstler\
index.html
assets\plugindata\
index.html
assets\
accclosed.svg
accopen.svg
bullet.svg
bullet1.svg
bullet2.svg
bullet3.svg
bullet4.svg
bullet5.svg
close.svg
common.js
dash.png
fade.svg
grid.png
home.svg
iconexe.svg
iconfile.svg
iconmovie.svg
iconpdf.svg
iconsound.svg
icontext.svg
iconzip.svg
jquery.js
menu.svg
moredown.svg
moreright.svg
navigation.js
next.svg
nextpage.svg
opensans.woff
opensansitalic.woff
opensanslight.woff
opensanslightitalic.woff
opensanssemibold.woff
opensanssemibolditalic.woff
prev.svg
prevpage.svg
sc.css
sd.css
search.svg
select.svg
sf.css
tabdown.svg
tabright.svg
tallinnslider.js
w2dcpcls.php
wait.svg
ausstellungen\
index.html
backup\qrymkfgfxwuagvhuhtpseqyxwngpnsohefbenfbfnfjukwuhsscjbmwvkhcrmmpi\
133425aee20f07308.jpg
dagmar_haerle.jpg
main.mdb
s2dlogo.jpg
shop.mdb
_1044572.jpg
backup\
index.html
deutsch\
index.html
downloads\
index.html
images\
133425aee20f07308_1038.jpg
133425aee20f07308_640.jpg
dagmar_haerle.jpg
dagmar_haerle_640.jpg
s2dlogo.jpg
w2dsci032c30ec6c43e71a1547188a950b4c1e.gif
w2dsci07fdb8f2dd6afe8fa2307da746e38bc9.gif
w2dsci08715970905c8c252a5091bfe779a92f.gif
w2dsci0ab8839dbd3eaf18fd7fe44f3232a1bf.gif
w2dsci0aba1d0a103cc3052dfd9d48143c485e.gif
w2dsci0b4242df62efae113e4e9bb8deeeecc6.gif
w2dsci0c9739d13fc59aa75029b3a6a831f597.gif
w2dsci0e4705f19c4cee77baf39a160bac6c00.gif
w2dsci0ffdeacefdb39d43ced9e5e1279c8d8f.gif
w2dsci108200ae474677dc7102a24af29bc859.gif
w2dsci13bafa5ec8359ee4396020ca8827d46e.gif
w2dsci15d706a030a45c66fc9aac2dcc9f893b.gif
w2dsci1c9c284095a9ab45accf4b5d626011a1.gif
w2dsci1d7f3ad2156ceaedf5e3ca6e37bf037e.gif
w2dsci25b4b68380c75538c8e507f5811256c0.gif
w2dsci27264dd22aa90e18e57df968a928f5c6.gif
w2dsci2ac3ca8ecf102d185855953f0a5de87e.gif
w2dsci2bb80463d86701e1de96d595d89dbd2d.gif
w2dsci2bc40c36819d7bf000e8a8be2983c6f0.gif
w2dsci2f3258deac57b8d9f9bd9a13c44240fa.gif
w2dsci3677137e7368ac98f25f1a3773488cf6.gif
w2dsci372f45ce380230b51933928a9f706067.gif
w2dsci3851f3917eccb4b156c36a7c7a4add37.gif
w2dsci3b299b99387a847b3d34f82c6839f877.gif
w2dsci41c2af80d1b0d51f82aef14f77ad0ce7.gif
w2dsci43ccf4985939db3d4817b8235fdeac50.gif
w2dsci47bdb89bad49465a3c30910ff8cca2b7.gif
w2dsci490e7706cb794a4584a3c07b9f27eb17.gif
w2dsci4f2321cf8a3bedd400d93a93b8dadbf5.gif
w2dsci569d7b2709fe9e386610004b731e10c8.gif
w2dsci58aae09254fde2efde0f1d5ee53335bf.gif
w2dsci59b16c36f6c079996d7f34bdf9ca4075.gif
w2dsci5b289a6b7870ea2158905b1865856ebb.gif
w2dsci6182917a59c5eae110b886005ecbb6ce.gif
w2dsci6729a7a2d854ec469a822f743e08e3e7.gif
w2dsci67619542d570688ee17277be43025288.gif
w2dsci6ada1f8e71231086a2863c5db50a28a2.gif
w2dsci6caa1e3b584b292660e0ade409f759d6.gif
w2dsci700767a73ed18ec16505fabdf7b28bee.gif
w2dsci733c95788cc02c2bef024a650d8c1ebc.gif
w2dsci745ed2e94d0c22eb4d1a12f71d8457b5.gif
w2dsci75c233a4914b454b756689b4760cc32b.gif
w2dsci762e67c84db1851a3e0deb278202447e.gif
w2dsci764befd96e1b301f09dc7c5e56428326.gif
w2dsci7799c547755158f53f929361e33bbd35.gif
w2dsci79246fafddc0dbfb88427b3cc1c0e447.gif
w2dsci792810ffa884204d1aa5187e86849166.gif
w2dsci7aac84e11f0fa28b5601f725b235a654.gif
w2dsci7d722859889ba2faa660ab2a30fb8ee8.gif
w2dsci80003e3f53474ec257c7a04165953fee.gif
w2dsci80761d994d7cdb3061197f1f329a129a.gif
w2dsci8522cb93c09d0d3f06fa3864a5ee5768.gif
w2dsci868f1e6ab230c6c73df75c3b9b59572e.gif
w2dsci8baf78282afb17afaf1252fbaec688d8.gif
w2dsci8defb5f8e611d7d14e2794e3ae2bda8c.gif
w2dsci8f588f566a822b5c9b4523bc8397aa1c.gif
w2dsci903035469402acb4e42c5771b60ec242.gif
w2dsci947a0f4ca01e93b070abbac15e0b3e66.gif
w2dsci94af3acd8cd1d532f27abdb73307a901.gif
w2dsci997a60f7ebba3f24448bb0aa73be484c.gif
w2dsci99e7cf5d1f85b7f0c53f7c103b2b5692.gif
w2dscia673fcefcb3f93550aeecdc378434571.gif
w2dscia723975525f197a270ff5977f1b43560.gif
w2dscia7b946c4d6d96c7d240314d455a8fff1.gif
w2dscia9cd4292d3fb979e98232948ee73fbfb.gif
w2dsciaa5674a8c7e79d7a774f97d122e221d2.gif
w2dsciad60ced82a7014db5b95f3f3b7a0832b.gif
w2dsciad6c98c33660a873fbf22b8227b57712.gif
w2dsciad9e7bd83b2a444706b5599f7ce071cf.gif
w2dscib0bda2def340b53d9a5f036e718b00dd.gif
w2dscib22c62d49a74dd1d3dad390a32d41041.gif
w2dscib34d7bbc692acf8e5744f31dfed0306b.gif
w2dscib3c788f3dced9b8eab416205eeaac4eb.gif
w2dscib4e7c00be495878c9da8ac94d4cc676a.gif
w2dscib9fc3fcc8cfd310966dba3967d58a99f.gif
w2dscibb372124481dea8eb124e0983a6442fb.gif
w2dscibcc55333e49eb41c31e9cd75ddbe8e6b.gif
w2dscibe1300c1dfe166ed3fa1fa657201e9b0.gif
w2dscic1a482b1c7576e19f99887c372d81655.gif
w2dscic1cbe1391ab8bd3fc162d12a5b44719e.gif
w2dscic3675bb912e3788cc6fa12fa540ee8fe.gif
w2dscic791ce6aa9c49d30f86251b7671c56ca.gif
w2dscid0549b289369213358501d3073a77edc.gif
w2dscid1ea9150c6c7d352995058bd40e3fe09.gif
w2dscid3063999f387b00b850a503033fdf337.gif
w2dscid3066ade084b8756693419a0cc6525f9.gif
w2dscidc05fa42f63438585d7a80aaa3c36dd8.gif
w2dscidcf8b2ef261440acd38aa12d65d5384e.gif
w2dscidf10ee1ba7a4d0f7528ea7764e49b8ea.gif
w2dscie62fd2b48ffa32a19167d6599a709224.gif
w2dscie64a503dfe5a12c06f10bd8fd59dc233.gif
w2dscie668f6f637117caaecde8218c6cada49.gif
w2dscie7d4ba2eb2f05ed970a01b0027965563.gif
w2dsciec49bae5b29cea2e2fa36c8fe897f1b6.gif
w2dscieeeffeb3be3440df6b02a70ae4462585.gif
w2dscif0197fd20eaad640bd1a83028d1c295a.gif
w2dscif838bd5ff6705193399fb79dceb57103.gif
w2dscif93900873eedd7b6a12ab8a1eb952e27.gif
w2dscifcb5a991d4bb3ea08bccd9242b9bb2d1.gif
w2dscifcc326598c4efe4d361161e6a8de1a2c.gif
kontakt-und-impressum\
index.html
kunst-als-kapitalanlage\
index.html
netzwerk\
index.html
plaintext\aktuelle-kuenstler\
index.html
plaintext\assets\plugindata\
index.html
plaintext\assets\
jq.js
s.css
w2dcpcls.php
plaintext\ausstellungen\
index.html
plaintext\deutsch\
index.html
plaintext\downloads\
index.html
plaintext\images\
w2dsci0081648c6b663a5f5fec659b2080579b.gif
w2dsci00e61629445e62ca93c2996e72f5bcf1.gif
w2dsci070ab3f2832d274c6299e932a1417ce6.gif
w2dsci0af93e7144a06612d9b4a387d81e32b5.gif
w2dsci0b010b053a39d2593355c36d5ebf940f.gif
w2dsci0b16acd8f3e079f7867ec2b2c40a4e8f.gif
w2dsci0dc258048a04a75f06baf89001e0caf4.gif
w2dsci120eff402e635866565fb6249bbf000e.gif
w2dsci16f7d69b8b2d99df08474eb04a13dca9.gif
w2dsci1707af512255ee6203f99dd6c73743bb.gif
w2dsci19dd455a334974a207f272c726171fdb.gif
w2dsci1b37f6e596c66c4e292137d9f280d299.gif
w2dsci1dafbeb47e1118a7cc3621851cf581e8.gif
w2dsci1efb7c4f04a8172da3ded40115932bf1.gif
w2dsci2043fd5ea0d4b61009b1228e4ef9cd91.gif
w2dsci225e425ed5fe5d4538e9303bc3e81ceb.gif
w2dsci232650d1446ac2774bc877914687052f.gif
w2dsci26db4652ef1c6ecaa5917776c9382b79.gif
w2dsci272ef03eb65c299745958f74809f45c6.gif
w2dsci2afb6aee0e4fcdb05ea2adf83db04d5d.gif
w2dsci2afb9bb73ea012724668daec00353290.gif
w2dsci2e54209e8ea5fd99bfda20bbe13a0195.gif
w2dsci2fa47dac541f00b3ce1d2c467b306a6b.gif
w2dsci36b8b317227a93c4bff7b1f105d31320.gif
w2dsci3bbd5bf3904228897e3a8810ff4d8dc4.gif
w2dsci3c531588aab1f3c939a0ceb19a6623a4.gif
w2dsci40da0d15e95e41027c4841a35df83974.gif
w2dsci43efb7be64e17cf0115bd3ffd419230d.gif
w2dsci4a9626f8f11eb9282dada466cbf0212f.gif
w2dsci4f41672b466c52e8528fd09e86345d39.gif
w2dsci4f793f1ddbb47ff47cadf9cf9d3cf1c8.gif
w2dsci4fc376f549aef8e1a638ad2ab902a7bd.gif
w2dsci5540ebccc1cbc5a47cb328f3a6bdf7b9.gif
w2dsci56f07a3336acdd0a55839ca5a7cdbf88.gif
w2dsci577d31b851b7e483d2c922bed614192c.gif
w2dsci57d842359a92ff10a9b670e20f236038.gif
w2dsci5989f9138ef2211d26af7725c1cb9d8c.gif
w2dsci5ce12dd3b9a439252efb39f2c4aac779.gif
w2dsci5e6cec9f45122c68f32b3b1603be639d.gif
w2dsci5f4a3ffdcc48b73915ad5be264d3db01.gif
w2dsci620b28af810fe9d218a9d699e40312b8.gif
w2dsci62aa251e1091f395edff4accaafedde8.gif
w2dsci6419a9232a4f98f91b61f15adf04a161.gif
w2dsci644194bdb016749f8744734ae08ef546.gif
w2dsci6526d2939d3108204d89da2761f75049.gif
w2dsci6705550b450ff81ea53c41c63c9a07e1.gif
w2dsci6a36e05f5e622d041edac7a52bdf134c.gif
w2dsci72aea03233b0c84f619b08ffbaa944ec.gif
w2dsci74a8b93ddefa3e78571677f42d907ad7.gif
w2dsci769b5f89928476a780974e3dc52d28d3.gif
w2dsci7759dc53c241e595370bf96f3832ef5f.gif
w2dsci7cffe6f4dc14ed9c6fb61e42c6bfc611.gif
w2dsci7d414bdee148f8cc12836019527afb83.gif
w2dsci844772eec8804679da306d6c372db888.gif
w2dsci8a596bcfc4171be53d115af59364853a.gif
w2dsci8a684e00db2235a64fac5c49430d1319.gif
w2dsci8fde40946e958547d5c4ebe45098e99a.gif
w2dsci924e4b1c77931bb8d6e181ce1cef0a84.gif
w2dsci9375a3741bc440f7f1f0f0b684729b9c.gif
w2dsci93c5e9fa64155d771652259c95aed7ad.gif
w2dsci9765a896e2821c888df0ab30c90491e9.gif
w2dsci97d9144322d661ced396e22ae7a17476.gif
w2dsci9d0d01e36aa20f5b84f885778f0506e4.gif
w2dsci9d835cdb20b4bdd0f3fc8141be075b50.gif
w2dsci9e259dcb906d33697fcedad4ef125cc1.gif
w2dsci9ed2c842a7c1e7bfc6f916f8f0d09631.gif
w2dscia49707184284f08ba6365e47e265c165.gif
w2dscia636ce2028cad7fd67083c2d63731bfa.gif
w2dscia6cf985b25e12fd46563ea75af9a66a4.gif
w2dsciab0e14025f5cf325821d9d3899a00237.gif
w2dsciabefb056e45fbb68076d7afc3e421e2b.gif
w2dsciac14685e4896555e7d9af2f2ff59241d.gif
w2dsciad5d99ffe364a8e0f49c6fb4b1a1a827.gif
w2dscib322f7dbed42f3ff976b39850a15cf20.gif
w2dscib3df04518dcbbb441f3e61c63c4479fa.gif
w2dscib4a5ffa94c52ef3a7c17ce7d44f93fb8.gif
w2dscib4b60369f0c921de511b9b4bb1bd1e4e.gif
w2dscib5d06a58343d63dbcdf999370912d160.gif
w2dscib84549ca338f1a4773c6982bb6b3634d.gif
w2dscib9e2e4b575763f478c1c3d424b9c616c.gif
w2dscib9f62f033c2ecc6871a9f6aa148c6f37.gif
w2dscic2cb3af9b456dc53b7b0b755795c1d6d.gif
w2dscic50459c0d326cbc511422bdd396a8801.gif
w2dscic84a93094bc583a46c757b5ef81b1336.gif
w2dscid0cc328d260c62f5f7151b21a2bd98c9.gif
w2dscid172f91da1d65db07a90c6e55b36c62d.gif
w2dscid5799f01fa1ccb778a44a14e05d76daf.gif
w2dscid68c45990e6b1f0971d7f122839629a3.gif
w2dscida304637e1f1912928d7579465d6c7e1.gif
w2dscie304e106344ee7d5bb0780a54ece3a7d.gif
w2dscie8a9840f6a6b799f00456f66902623d2.gif
w2dsciec7421ea6823070125822df310bfb032.gif
w2dscif20f398aa04b4022bb406861e08616a4.gif
w2dscif20f59c7e48d7caf78bb260e7ed3bdf7.gif
w2dscif76a4c156323b5668b78d6b0057b2bb2.gif
w2dscif941dfbbea100d4e9e109cdaaf1238d9.gif
w2dscifba2a3e34907c43ce2a964a7d8cb5744.gif
w2dscifc8815c9effe3edc040a6b9044562dc0.gif
w2dscife4469eec48d44f4425e5a6812382896.gif
w2dsciffe132426453a55cb5e7053b0fe8cfb4.gif
plaintext\kontakt-und-impressum\
index.html
plaintext\kunst-als-kapitalanlage\
index.html
plaintext\netzwerk\
index.html
plaintext\ueber-uns\
index.html
plaintext\unsere-leistung\
index.html
plaintext\
cookies.html
disclaimer.html
imprint.html
index.html
privacy-form.php
privacy.html
vielen-dank.html
w2dacl.php
w2dcpchk.php
w2dcpimg.php
w2dfgw.php
ueber-uns\
index.html
unsere-leistung\
index.html
\
cookies.html
disclaimer.html
imprint.html
index.html
privacy-form.php
privacy.html
robots.txt
sitemap.xml
vielen-dank.html
w2dacl.php
w2dcpchk.php
w2dcpimg.php
w2dfgw.php
