-englisch-\
index.html
aktuelle-kuenstler\
index.html
assets\plugindata\
index.html
assets\
accclosed.svg
accopen.svg
bullet.svg
bullet1.svg
bullet2.svg
bullet3.svg
bullet4.svg
bullet5.svg
close.svg
common.js
dash.png
fade.svg
grid.png
home.svg
iconexe.svg
iconfile.svg
iconmovie.svg
iconpdf.svg
iconsound.svg
icontext.svg
iconzip.svg
jquery.js
menu.svg
moredown.svg
moreright.svg
navigation.js
next.svg
nextpage.svg
opensans.woff
opensansitalic.woff
opensanslight.woff
opensanslightitalic.woff
opensanssemibold.woff
opensanssemibolditalic.woff
prev.svg
prevpage.svg
sc.css
sd.css
search.svg
select.svg
sf.css
tabdown.svg
tabright.svg
tallinnslider.js
w2dcpcls.php
wait.svg
ausstellungen\
index.html
backup\qrymkfgfxwuagvhuhtpseqyxwngpnsohefbenfbfnfjukwuhsscjbmwvkhcrmmpi\
133425aee20f07308.jpg
dagmar_haerle.jpg
main.mdb
s2dlogo.jpg
shop.mdb
_1044572.jpg
backup\
index.html
downloads\
index.html
images\
133425aee20f07308_1038.jpg
133425aee20f07308_640.jpg
dagmar_haerle.jpg
dagmar_haerle_640.jpg
s2dlogo.jpg
w2dsci00af16088b26cf48da68057ea9cd0b2d.gif
w2dsci01dc036d5efaaf54193cfa29e6dc0886.gif
w2dsci035d75f0c73082c1bf25f72e4309912f.gif
w2dsci048a7414c02246bfb0d5eb6c2dcb70d0.gif
w2dsci0663b3b44d18189b6fa4f790e2258c4a.gif
w2dsci097b09cff9036b16ce059b6d37c6ec3e.gif
w2dsci0a5d5cc0681739d8307b778e5d0290e5.gif
w2dsci0c7d7322f8f6936a7df7f9e75280a10d.gif
w2dsci102d00c00d2f50a62255f52ced531add.gif
w2dsci1470a0e03f1ec13ade0cf4d5c3b0599a.gif
w2dsci17c39811a4b2cf7b21c2212c6ffcf9a8.gif
w2dsci1b555c6fbc46eb8e19494973891e5e49.gif
w2dsci1bac0cc3a29c484dddf733ad75eff963.gif
w2dsci1bb300d541f81e14bfa0d6f57ba38b7a.gif
w2dsci2077cb2e72f41fb316811f9c3541dfa8.gif
w2dsci2085b62b4d71017137dd99ea9aa29b03.gif
w2dsci261eb6dd18028bc5179717d6727ad58a.gif
w2dsci2784c195eeb923862990ffc39d4f4009.gif
w2dsci27c80eab3563c8470167b23dfa41ae94.gif
w2dsci2b41c0777044e9bc0362a338da31bb3e.gif
w2dsci2edd083ff07f6af7ad237dceb0534e56.gif
w2dsci32851c163eb9f888a3bcb629d4f6fa50.gif
w2dsci32e8e9ba230c40bda50ce1b33c772aec.gif
w2dsci3743c2eb7c2117e0ea5966f26b033ea6.gif
w2dsci3c454d736aed73a88b845ea2f71e2417.gif
w2dsci3f7e721025814c11466fd53cbad580aa.gif
w2dsci3f9fb680aefd02e02cf4d42aaff8eafb.gif
w2dsci3fb14f830c748e65a67efa5b3433729a.gif
w2dsci46d836562a420a4f6f32ef73da4211bd.gif
w2dsci4752cd89299a4211e367f15ac147de06.gif
w2dsci48ed13a20d9c4b35e48e26821babea67.gif
w2dsci49ee6c354eff7cfe0ff879067a18f238.gif
w2dsci518a43f693948d420a4656168332923b.gif
w2dsci56c074ab5596b7360fc2f562802117ee.gif
w2dsci5ab2ba8aa64390607ae1cc92e64f9394.gif
w2dsci60f4b8168b955af11d51368f0dcd84ae.gif
w2dsci618c680345e4f3033883795c8a6973de.gif
w2dsci62a235a26404396e01989ccf2e132ab8.gif
w2dsci64284537bf2fddc29aa7b3df39213618.gif
w2dsci647f2d34e119445965d583d3ed40e2b8.gif
w2dsci6a56b57e5142d85fef878fb3a72b585a.gif
w2dsci74382bc2d835c800857c93090ca6b987.gif
w2dsci74f622682492f939c31fd6406f151031.gif
w2dsci7c0ccc3999b23b5da2205db52018abf6.gif
w2dsci7cb24444b4c1efd960a1347525843ab1.gif
w2dsci7cedd0b4acda0bcc2db6008c093ebb38.gif
w2dsci7dd2aad1fefd760009a0437470d8b21a.gif
w2dsci8020b8902e9265573f9ddbfdc60952b2.gif
w2dsci81dcf11a26fe5920ab6924691ceed4f1.gif
w2dsci82d48d9077f5b0295d7b19062f7478dd.gif
w2dsci83247bdbc4c5b665d0b93c0e71ab8f37.gif
w2dsci83809e76fa5c611f1405e040b532e234.gif
w2dsci85f856d352daae0b4d1ef8e1ff9bbbc4.gif
w2dsci8a4578a0012b1fc1d95947729d7c8db5.gif
w2dsci8b65c52f131c1708fad259961d566e83.gif
w2dsci8bdd88c995aaba08ead85152d9e2affd.gif
w2dsci8db0bd92a6f526da61840151422d440f.gif
w2dsci8e1a06fc7605a4dcf6eba0679faf8a9c.gif
w2dsci9154bf48c24210f30a6c948cb1581d57.gif
w2dsci9260ce016b7e416ccc67048783db73a0.gif
w2dsci92af3297ad510672075bd2cf901666e1.gif
w2dsci93a33ec7187307a5298dc7288b94720d.gif
w2dsci9485df1507af5b5bdb2b237da570c4dc.gif
w2dsci9d1af2eb3281a5fceef94b28b4a6d894.gif
w2dscia49d9aa0e0dbfed59563b51790c917e4.gif
w2dscia6f894f63dcfcad50f8a043b034b6304.gif
w2dscia81741fb34822028bbdff3773bcef962.gif
w2dscia88a8c3a11802734e92a11da3e70f401.gif
w2dsciaa5bfbfd51b2d09a8ea72524062d1a9f.gif
w2dsciaa6b405a29dea27e26900f01718a575b.gif
w2dsciab35b1748c120356d3b84abdd4baea6e.gif
w2dsciac6c5c647391afc601a8623ce9501814.gif
w2dsciae427b6e7626e544126dcae7ff79fcaa.gif
w2dsciae4f00c21b700683443b69ad5cacaece.gif
w2dscib047fa49db733fb2c02fd34722e0d92e.gif
w2dscib396688744b11713bd2d3113027b3727.gif
w2dscib4e06807f07084c653f2fec769296f30.gif
w2dscibea66ec18891be23e12a37165351cb8f.gif
w2dscic12e3c651ea65f32304ae8aa7da4700c.gif
w2dscic35095f12b49c9b23406ef01a26be86e.gif
w2dscic3c098af057e96bd607de686d263a978.gif
w2dscic40918fc0e5a3f62ff127611d1383438.gif
w2dscic467a6a638449a4be048c27f5cfec60b.gif
w2dscic901d8252cffb3d59924b623d563c7f9.gif
w2dscic99ddeea203ba5505110b6016c29d97d.gif
w2dscicbf90b864249e22f56fd8f755e270256.gif
w2dsciceab9c65eaa013d8405b5f0b16dbf00c.gif
w2dscicf63a2b27a46162375a1452322d298a3.gif
w2dscid38cfb81490318b15086d2c1028c7bc4.gif
w2dscid5487dccaf664d99b523131918b41a1e.gif
w2dscid6a9e5814053e7fc361bba727eef42b7.gif
w2dscidc332c4f428aefb8d5f4ee87e0184fb0.gif
w2dscie6cdf52f49037a669443309801951757.gif
w2dscie8afd2fb53650b3da649bda8e1bae92c.gif
w2dscie9192c3a3e81091d3d7a92688a1fa11f.gif
w2dscie923a28417f57b65b7e3bc1d1f60304d.gif
w2dsciec1397199a652c8704c269b14547cf09.gif
w2dscif30e39fa33423a880dc5cb012ee6753e.gif
w2dscifaa5ddc5aebad9db8b0b89f44411ceaf.gif
w2dscifd7a4d32016713f449177285dc484149.gif
kontakt-und-impressum\
index.html
kunst-als-kapitalanlage\
index.html
netzwerk\
index.html
plaintext\-englisch-\
index.html
plaintext\aktuelle-kuenstler\
index.html
plaintext\assets\plugindata\
index.html
plaintext\assets\
jq.js
s.css
w2dcpcls.php
plaintext\ausstellungen\
index.html
plaintext\downloads\
index.html
plaintext\images\
w2dsci0261af919b532fef2949079ca96e2582.gif
w2dsci04519a0b3ea9639caa0000371e4e25a7.gif
w2dsci04a588e923a7149011ea4cd2573e5e8e.gif
w2dsci06656f92b482b3412ce434c350fe35aa.gif
w2dsci06bc761eabd2bdf17518379f6e7978f2.gif
w2dsci08a43e9bf9c6a89b18bd2a835ad92854.gif
w2dsci0b9c2c9004c1df8898ac514eb4da1f24.gif
w2dsci175301c5d9bdd4868cf86f96c785fee0.gif
w2dsci179606f6da224f8646b288ace3e28a2a.gif
w2dsci1b399530930ddea13643e7ab6ebf34bc.gif
w2dsci1b79136b51eb87d96ca81a1438d5800a.gif
w2dsci1cf840b4b6d0865ff7e5b1cf184304ca.gif
w2dsci1f9cf6dd5f9b4c66bf0185d439265607.gif
w2dsci24afc957691f63e417f9b5f3fcd23c2a.gif
w2dsci27a41632f998672cb811657b7ca2fc5f.gif
w2dsci27b263303a38c21e85e496197ed2ba86.gif
w2dsci2917fe20bfd5aa5da00071e65fe35a46.gif
w2dsci2a6c1a7104bae852079518fa175ebebe.gif
w2dsci2ca01bc2970e14964f986541c769823e.gif
w2dsci2d2fa0879a705ce976961b9cd314a271.gif
w2dsci2d7687455632acfe34df9784f516fd5b.gif
w2dsci2f3eaa06b3f140f44e6ffbc4dccf9cb7.gif
w2dsci33f424f35cbfb53533c232a996f7f25e.gif
w2dsci33f59acac8f8dc2d59df6a355fa6e3b1.gif
w2dsci386d92cdbe23610f51a9c344e641cc9c.gif
w2dsci3aa086fb314b0cbd37fd2f73bc369496.gif
w2dsci3ae667b3a8feeec1f541bbb8d1d9c23e.gif
w2dsci3d51aff469df84481671e608a9d65bd4.gif
w2dsci420b4f3b799413b9e162e0a0225a4a19.gif
w2dsci4262ccfe70805e03549fab6b62d12b8c.gif
w2dsci426efde995a8e2d3158bc937c0695fb0.gif
w2dsci445d80024fe1d7ebf48897853d83ba53.gif
w2dsci4533516e4552f9f567ca5d72518f9ca4.gif
w2dsci4545f9df5a27991b6d753dd5eb173ddb.gif
w2dsci46401b10cd8a0e05e4111723804b5b5e.gif
w2dsci479b8d6d76b18b77075637f3b6122732.gif
w2dsci4f3be03ff48e342a5e0d12ac4907886e.gif
w2dsci52a604545be90d80ce317d89aebcc8a5.gif
w2dsci5393898c7009a1cc5b8a5f663fbd128c.gif
w2dsci540badf77e6ae0afdb1837c3d9022828.gif
w2dsci543f2f5f195534be91424431ed0e8155.gif
w2dsci57722d3a9113a5f61d269e6cb4c3c29e.gif
w2dsci5ac17d124cfd4c6cf051fc0c547b8bf5.gif
w2dsci5bacaf3d09fac4723f49ab8259c17982.gif
w2dsci5c98417d1ab6d799644f80d36a3f4a4e.gif
w2dsci655839e516148a0934de792d8294f28b.gif
w2dsci679e52607272018f2eb360685984a319.gif
w2dsci6c4aa2a189d5b213dc522781b42de808.gif
w2dsci6c56c9a10115ac6f42e95ae5fea6c3fa.gif
w2dsci6e510db12d5da2b4ddd7c04b6c3b4a3b.gif
w2dsci6e66d3b88099cc41ccd31dc9eafe7681.gif
w2dsci721ff763b7c2a6ad8dadcdb53b5a9bea.gif
w2dsci7411c68ffc3377b7a1719c8952e4094a.gif
w2dsci752185529d7eafdc87dbe675f95d7356.gif
w2dsci7dd7a9603285e305e9adcf965df74c2f.gif
w2dsci835ad32684016432d5c858d67ae6b4e9.gif
w2dsci8986809939cd0fbaa397e1e32be1b1c5.gif
w2dsci8bca5a8c0dbcb6c89df2f8201e6a0cb1.gif
w2dsci8c231a378f4e6ee768f92bde288ff653.gif
w2dsci8f1c9e4bb24e9e8582c69dd0673543fc.gif
w2dsci8f93905f650ca9f186b54e0b074c2194.gif
w2dsci8fee97a35f74a0f2f8905a92ed5044a6.gif
w2dsci910fb47719a7758802e92fb0900dbda5.gif
w2dsci92213451c4db614eed9b81f0f4b412c3.gif
w2dsci96061f003b6e93559afa634039012c00.gif
w2dsci971bf6de2dbac27e291b18e2fc444240.gif
w2dsci99ac29789d17d79498ff77fd5c5d6e47.gif
w2dsci9b99eb7ea0a0d50f9397a31eb65841f3.gif
w2dsci9c2cc7e606d8f3a7f64536edd719e512.gif
w2dsci9e3c3ff513c4f3b1ab2b1acde27e8f18.gif
w2dscia320f28279a46d2567330c420ff80716.gif
w2dscia422ff4d7d0c13c78062724c1a7bb0e1.gif
w2dscia77d12a9c6a6ae2e03405a46fec4219c.gif
w2dsciaa6baa9cd8bc49fb12879e759e413320.gif
w2dsciab0afb4ad54d8ebe0464f9f401f08de5.gif
w2dscib267c5930303e6266640967aaa7306aa.gif
w2dscib6dbbeaf4d7b2951248be74fe36aef0e.gif
w2dscib850d0b3075f3b526ca5fd53f615a5b4.gif
w2dscib864c4b233116a783a63915192005df1.gif
w2dscib9a68560e1f60864595b9de1b1dd3b8a.gif
w2dscibcb3e44271f0b29d96aa09f144c05af3.gif
w2dscic15fb9e5c49bc4bf7ab851da88572d62.gif
w2dscic2bdf04a46d5a41d5f9b5f747a30e9c5.gif
w2dscic56efdbe4fecc5eb9de912e1f1ee35da.gif
w2dscic6f9185ca365c70830a9ed45d450f989.gif
w2dscic77cafa0d10ac36cd58b221a4a3ff7c6.gif
w2dscic8359657c204a947b687632ad86f0d1a.gif
w2dscic87e3923a96a77f99b09d51f46768ca9.gif
w2dscicad93cf8ec6a9db7cfc080611113b59f.gif
w2dscicca63da59021bfe92a4e05fdaf39e6cb.gif
w2dscid504cb9863ea5f8f4e56e257d017d49a.gif
w2dscid94a57128387b2886e36cf7e53b23dcd.gif
w2dscidbb50da157b2f50d6ac34b34e3e02fee.gif
w2dscidf50c32278f15e0c9e4b504998bd459d.gif
w2dscie07d0904275837ab2634775c06e9bd5e.gif
w2dscie49eb01af69786b1b3bf01c752bc8dea.gif
w2dscie75d181fbe46f5bc9d6183e488e957f2.gif
w2dscie8e9831e2db0efffb031f2881f8e0797.gif
w2dscif28852372730c2b10114538b6eeca17e.gif
w2dscifb9514fff74d6800e67d630349d0e06e.gif
plaintext\kontakt-und-impressum\
index.html
plaintext\kunst-als-kapitalanlage\
index.html
plaintext\netzwerk\
index.html
plaintext\ueber-uns\
index.html
plaintext\unsere-leistung\
index.html
plaintext\
cookies.html
datenschutz.html
datenschutzformular.php
haftungsausschluss.html
impressum.html
index.html
vielen-dank.html
w2dacl.php
w2dcpchk.php
w2dcpimg.php
w2dfgw.php
ueber-uns\
index.html
unsere-leistung\
index.html
\
cookies.html
datenschutz.html
datenschutzformular.php
haftungsausschluss.html
impressum.html
index.html
robots.txt
sitemap.xml
vielen-dank.html
w2dacl.php
w2dcpchk.php
w2dcpimg.php
w2dfgw.php
